<<<<<<< HEAD
ERROR [portable_pty::win::psuedocon] CreateProcessW `"pwsh.exe -Command \"bunx nx serve audit-svc\"\0"` in cwd `Some("C:\\Users\\admin\\OneDrive\\Desktop\\ingenium-2026\0")` failed: The system cannot find the file specified. (os error 2)
ERROR [portable_pty::win::psuedocon] CreateProcessW `"pwsh.exe -Command \"docker-compose -f infra/docker/docker-compose.yml up\"\0"` in cwd `Some("C:\\Users\\admin\\OneDrive\\Desktop\\ingenium-2026\\.\0")` failed: The system cannot find the file specified. (os error 2)
ERROR [portable_pty::win::psuedocon] CreateProcessW `"pwsh.exe -Command \"bunx nx serve agriculture-svc\"\0"` in cwd `Some("C:\\Users\\admin\\OneDrive\\Desktop\\ingenium-2026\0")` failed: The system cannot find the file specified. (os error 2)
ERROR [portable_pty::win::psuedocon] CreateProcessW `"pwsh.exe -Command \"bunx nx serve service-registry\"\0"` in cwd `Some("C:\\Users\\admin\\OneDrive\\Desktop\\ingenium-2026\0")` failed: The system cannot find the file specified. (os error 2)
ERROR [portable_pty::win::psuedocon] CreateProcessW `"pwsh.exe -Command \"bunx nx serve auth-svc\"\0"` in cwd `Some("C:\\Users\\admin\\OneDrive\\Desktop\\ingenium-2026\0")` failed: The system cannot find the file specified. (os error 2)
ERROR [portable_pty::win::psuedocon] CreateProcessW `"pwsh.exe -Command \"bunx nx serve notification-svc\"\0"` in cwd `Some("C:\\Users\\admin\\OneDrive\\Desktop\\ingenium-2026\0")` failed: The system cannot find the file specified. (os error 2)
ERROR [portable_pty::win::psuedocon] CreateProcessW `"pwsh.exe -Command \"bunx nx serve api-gateway\"\0"` in cwd `Some("C:\\Users\\admin\\OneDrive\\Desktop\\ingenium-2026\0")` failed: The system cannot find the file specified. (os error 2)
ERROR [portable_pty::win::psuedocon] CreateProcessW `"pwsh.exe -Command \"bunx nx serve urban-svc\"\0"` in cwd `Some("C:\\Users\\admin\\OneDrive\\Desktop\\ingenium-2026\0")` failed: The system cannot find the file specified. (os error 2)
ERROR [portable_pty::win::psuedocon] CreateProcessW `"pwsh.exe -Command \"bunx nx serve healthcare-svc\"\0"` in cwd `Some("C:\\Users\\admin\\OneDrive\\Desktop\\ingenium-2026\0")` failed: The system cannot find the file specified. (os error 2)
ERROR [portable_pty::win::psuedocon] CreateProcessW `"pwsh.exe -Command \"bunx nx serve notification-svc\"\0"` in cwd `Some("C:\\Users\\admin\\OneDrive\\Desktop\\ingenium-2026\0")` failed: The system cannot find the file specified. (os error 2)
ERROR [portable_pty::win::psuedocon] CreateProcessW `"pwsh.exe -Command \"bunx nx serve api-gateway\"\0"` in cwd `Some("C:\\Users\\admin\\OneDrive\\Desktop\\ingenium-2026\0")` failed: The system cannot find the file specified. (os error 2)
ERROR [portable_pty::win::psuedocon] CreateProcessW `"pwsh.exe -Command \"bunx nx serve healthcare-svc\"\0"` in cwd `Some("C:\\Users\\admin\\OneDrive\\Desktop\\ingenium-2026\0")` failed: The system cannot find the file specified. (os error 2)
ERROR [portable_pty::win::psuedocon] CreateProcessW `"pwsh.exe -Command \"bunx nx serve audit-svc\"\0"` in cwd `Some("C:\\Users\\admin\\OneDrive\\Desktop\\ingenium-2026\0")` failed: The system cannot find the file specified. (os error 2)
ERROR [portable_pty::win::psuedocon] CreateProcessW `"pwsh.exe -Command \"bunx nx serve auth-svc\"\0"` in cwd `Some("C:\\Users\\admin\\OneDrive\\Desktop\\ingenium-2026\0")` failed: The system cannot find the file specified. (os error 2)
ERROR [portable_pty::win::psuedocon] CreateProcessW `"pwsh.exe -Command \"bunx nx serve service-registry\"\0"` in cwd `Some("C:\\Users\\admin\\OneDrive\\Desktop\\ingenium-2026\0")` failed: The system cannot find the file specified. (os error 2)
ERROR [portable_pty::win::psuedocon] CreateProcessW `"pwsh.exe -Command \"bunx nx serve urban-svc\"\0"` in cwd `Some("C:\\Users\\admin\\OneDrive\\Desktop\\ingenium-2026\0")` failed: The system cannot find the file specified. (os error 2)
ERROR [portable_pty::win::psuedocon] CreateProcessW `"pwsh.exe -Command \"bunx nx serve agriculture-svc\"\0"` in cwd `Some("C:\\Users\\admin\\OneDrive\\Desktop\\ingenium-2026\0")` failed: The system cannot find the file specified. (os error 2)
ERROR [portable_pty::win::psuedocon] CreateProcessW `"pwsh.exe -Command \"docker-compose -f infra/docker/docker-compose.yml up\"\0"` in cwd `Some("C:\\Users\\admin\\OneDrive\\Desktop\\ingenium-2026\\.\0")` failed: The system cannot find the file specified. (os error 2)
ERROR [portable_pty::win::psuedocon] CreateProcessW `"pwsh.exe -Command \"docker-compose -f infra/docker/docker-compose.yml up\"\0"` in cwd `Some("C:\\Users\\admin\\OneDrive\\Desktop\\ingenium-2026\\.\0")` failed: The system cannot find the file specified. (os error 2)
ERROR [portable_pty::win::psuedocon] CreateProcessW `"pwsh.exe -Command \"bunx nx serve audit-svc\"\0"` in cwd `Some("C:\\Users\\admin\\OneDrive\\Desktop\\ingenium-2026\0")` failed: The system cannot find the file specified. (os error 2)
ERROR [portable_pty::win::psuedocon] CreateProcessW `"pwsh.exe -Command \"bunx nx serve auth-svc\"\0"` in cwd `Some("C:\\Users\\admin\\OneDrive\\Desktop\\ingenium-2026\0")` failed: The system cannot find the file specified. (os error 2)
ERROR [portable_pty::win::psuedocon] CreateProcessW `"pwsh.exe -Command \"bunx nx serve notification-svc\"\0"` in cwd `Some("C:\\Users\\admin\\OneDrive\\Desktop\\ingenium-2026\0")` failed: The system cannot find the file specified. (os error 2)
ERROR [portable_pty::win::psuedocon] CreateProcessW `"pwsh.exe -Command \"bunx nx serve urban-svc\"\0"` in cwd `Some("C:\\Users\\admin\\OneDrive\\Desktop\\ingenium-2026\0")` failed: The system cannot find the file specified. (os error 2)
ERROR [portable_pty::win::psuedocon] CreateProcessW `"pwsh.exe -Command \"bunx nx serve healthcare-svc\"\0"` in cwd `Some("C:\\Users\\admin\\OneDrive\\Desktop\\ingenium-2026\0")` failed: The system cannot find the file specified. (os error 2)
ERROR [portable_pty::win::psuedocon] CreateProcessW `"pwsh.exe -Command \"bunx nx serve api-gateway\"\0"` in cwd `Some("C:\\Users\\admin\\OneDrive\\Desktop\\ingenium-2026\0")` failed: The system cannot find the file specified. (os error 2)
ERROR [portable_pty::win::psuedocon] CreateProcessW `"pwsh.exe -Command \"bunx nx serve service-registry\"\0"` in cwd `Some("C:\\Users\\admin\\OneDrive\\Desktop\\ingenium-2026\0")` failed: The system cannot find the file specified. (os error 2)
ERROR [portable_pty::win::psuedocon] CreateProcessW `"pwsh.exe -Command \"bunx nx serve agriculture-svc\"\0"` in cwd `Some("C:\\Users\\admin\\OneDrive\\Desktop\\ingenium-2026\0")` failed: The system cannot find the file specified. (os error 2)
ERROR [portable_pty::win::psuedocon] CreateProcessW `"pwsh.exe -Command \"bunx nx serve notification-svc\"\0"` in cwd `Some("C:\\Users\\admin\\OneDrive\\Desktop\\ingenium-2026\0")` failed: The system cannot find the file specified. (os error 2)
ERROR [portable_pty::win::psuedocon] CreateProcessW `"pwsh.exe -Command \"bunx nx serve service-registry\"\0"` in cwd `Some("C:\\Users\\admin\\OneDrive\\Desktop\\ingenium-2026\0")` failed: The system cannot find the file specified. (os error 2)
ERROR [portable_pty::win::psuedocon] CreateProcessW `"pwsh.exe -Command \"docker-compose -f infra/docker/docker-compose.yml up\"\0"` in cwd `Some("C:\\Users\\admin\\OneDrive\\Desktop\\ingenium-2026\\.\0")` failed: The system cannot find the file specified. (os error 2)
ERROR [portable_pty::win::psuedocon] CreateProcessW `"pwsh.exe -Command \"bunx nx serve agriculture-svc\"\0"` in cwd `Some("C:\\Users\\admin\\OneDrive\\Desktop\\ingenium-2026\0")` failed: The system cannot find the file specified. (os error 2)
ERROR [portable_pty::win::psuedocon] CreateProcessW `"pwsh.exe -Command \"bunx nx serve auth-svc\"\0"` in cwd `Some("C:\\Users\\admin\\OneDrive\\Desktop\\ingenium-2026\0")` failed: The system cannot find the file specified. (os error 2)
ERROR [portable_pty::win::psuedocon] CreateProcessW `"pwsh.exe -Command \"bunx nx serve api-gateway\"\0"` in cwd `Some("C:\\Users\\admin\\OneDrive\\Desktop\\ingenium-2026\0")` failed: The system cannot find the file specified. (os error 2)
ERROR [portable_pty::win::psuedocon] CreateProcessW `"pwsh.exe -Command \"bunx nx serve healthcare-svc\"\0"` in cwd `Some("C:\\Users\\admin\\OneDrive\\Desktop\\ingenium-2026\0")` failed: The system cannot find the file specified. (os error 2)
ERROR [portable_pty::win::psuedocon] CreateProcessW `"pwsh.exe -Command \"bunx nx serve urban-svc\"\0"` in cwd `Some("C:\\Users\\admin\\OneDrive\\Desktop\\ingenium-2026\0")` failed: The system cannot find the file specified. (os error 2)
ERROR [portable_pty::win::psuedocon] CreateProcessW `"pwsh.exe -Command \"bunx nx serve audit-svc\"\0"` in cwd `Some("C:\\Users\\admin\\OneDrive\\Desktop\\ingenium-2026\0")` failed: The system cannot find the file specified. (os error 2)
ERROR [portable_pty::win::psuedocon] CreateProcessW `"pwsh.exe -Command \"docker-compose -f infra/docker/docker-compose.yml up\"\0"` in cwd `Some("C:\\Users\\admin\\OneDrive\\Desktop\\ingenium-2026\\.\0")` failed: The system cannot find the file specified. (os error 2)
ERROR [portable_pty::win::psuedocon] CreateProcessW `"pwsh.exe -Command \"bunx nx serve audit-svc\"\0"` in cwd `Some("C:\\Users\\admin\\OneDrive\\Desktop\\ingenium-2026\0")` failed: The system cannot find the file specified. (os error 2)
ERROR [portable_pty::win::psuedocon] CreateProcessW `"pwsh.exe -Command \"bunx nx serve auth-svc\"\0"` in cwd `Some("C:\\Users\\admin\\OneDrive\\Desktop\\ingenium-2026\0")` failed: The system cannot find the file specified. (os error 2)
ERROR [portable_pty::win::psuedocon] CreateProcessW `"pwsh.exe -Command \"bunx nx serve urban-svc\"\0"` in cwd `Some("C:\\Users\\admin\\OneDrive\\Desktop\\ingenium-2026\0")` failed: The system cannot find the file specified. (os error 2)
ERROR [portable_pty::win::psuedocon] CreateProcessW `"pwsh.exe -Command \"bunx nx serve agriculture-svc\"\0"` in cwd `Some("C:\\Users\\admin\\OneDrive\\Desktop\\ingenium-2026\0")` failed: The system cannot find the file specified. (os error 2)
ERROR [portable_pty::win::psuedocon] CreateProcessW `"pwsh.exe -Command \"bunx nx serve api-gateway\"\0"` in cwd `Some("C:\\Users\\admin\\OneDrive\\Desktop\\ingenium-2026\0")` failed: The system cannot find the file specified. (os error 2)
ERROR [portable_pty::win::psuedocon] CreateProcessW `"pwsh.exe -Command \"bunx nx serve service-registry\"\0"` in cwd `Some("C:\\Users\\admin\\OneDrive\\Desktop\\ingenium-2026\0")` failed: The system cannot find the file specified. (os error 2)
ERROR [portable_pty::win::psuedocon] CreateProcessW `"pwsh.exe -Command \"bunx nx serve notification-svc\"\0"` in cwd `Some("C:\\Users\\admin\\OneDrive\\Desktop\\ingenium-2026\0")` failed: The system cannot find the file specified. (os error 2)
ERROR [portable_pty::win::psuedocon] CreateProcessW `"pwsh.exe -Command \"bunx nx serve healthcare-svc\"\0"` in cwd `Some("C:\\Users\\admin\\OneDrive\\Desktop\\ingenium-2026\0")` failed: The system cannot find the file specified. (os error 2)
=======
ERROR [mprocs::error] Error: Input/output error (os error 5)
ERROR [mprocs] Got panic. @info:panicked at library/std/src/io/stdio.rs:1165:9:
failed printing to stderr: Input/output error (os error 5)
@stackTrace:disabled backtrace
>>>>>>> 741fa2d (feat(seperate db):Integerated seperate db's with a single pg instance)
